<?xml version="1.0" encoding="UTF-8"?>
<!-- Generated by org.testng.reporters.JUnitXMLReporter -->
<testsuite ignored="0" hostname="DESKTOP-8C0LO3K" failures="0" tests="3" name="Default test" time="0.08" errors="0" timestamp="2024-04-30T12:15:05 IST">
  <testcase classname="learnTestNG.WebTesting" name="firstWebTest" time="0.005"/>
  <testcase classname="learnTestNG.WebTesting" name="secondWebTest" time="0.002"/>
  <testcase classname="learnTestNG.WebTesting" name="thirdWebTest" time="0.001"/>
</testsuite> <!-- Default test -->
