<?xml version="1.0" encoding="UTF-8"?>
<!-- Generated by org.testng.reporters.JUnitXMLReporter -->
<testsuite ignored="1" hostname="DESKTOP-8C0LO3K" failures="0" tests="1" name="MobileTests" time="0.007" errors="0" timestamp="2024-04-30T12:39:45 IST">
  <testcase classname="learnTestNG.MobileTesting" name="firstMobileTest" time="0.003"/>
  <testcase classname="learnTestNG.MobileTesting" name="secondMobileTest" time="0.0">
    <ignored/>
  </testcase> <!-- secondMobileTest -->
</testsuite> <!-- MobileTests -->
