<?xml version="1.0" encoding="UTF-8"?>
<!-- Generated by org.testng.reporters.JUnitXMLReporter -->
<testsuite ignored="0" hostname="DESKTOP-8C0LO3K" failures="0" tests="4" name="Test" time="0.065" errors="0" timestamp="2024-04-30T12:25:14 IST">
  <testcase classname="learnTestNG.WebTesting" name="firstWebTest" time="0.003"/>
  <testcase classname="learnTestNG.WebTesting" name="secondWebTest" time="0.002"/>
  <testcase classname="learnTestNG.WebTesting" name="thirdWebTest" time="0.001"/>
  <testcase classname="learnTestNG.MobileTesting" name="firstMobileTest" time="0.001"/>
</testsuite> <!-- Test -->
