<?xml version="1.0" encoding="UTF-8"?>
<!-- Generated by org.testng.reporters.JUnitXMLReporter -->
<testsuite ignored="4" hostname="DESKTOP-8C0LO3K" failures="0" tests="1" name="Test" time="0.053" errors="0" timestamp="2024-04-30T12:51:41 IST">
  <testcase classname="learnTestNG.MobileTesting" name="secondMobileTest" time="0.01"/>
  <testcase classname="learnTestNG.WebTesting" name="thirdWebTest" time="0.0">
    <ignored/>
  </testcase> <!-- thirdWebTest -->
  <testcase classname="learnTestNG.WebTesting" name="firstWebTest" time="0.0">
    <ignored/>
  </testcase> <!-- firstWebTest -->
  <testcase classname="learnTestNG.WebTesting" name="secondWebTest" time="0.0">
    <ignored/>
  </testcase> <!-- secondWebTest -->
  <testcase classname="learnTestNG.MobileTesting" name="firstMobileTest" time="0.0">
    <ignored/>
  </testcase> <!-- firstMobileTest -->
</testsuite> <!-- Test -->
