<?xml version="1.0" encoding="UTF-8"?>
<!-- Generated by org.testng.reporters.JUnitXMLReporter -->
<testsuite ignored="2" hostname="DESKTOP-8C0LO3K" failures="0" tests="1" name="WebTests" time="0.066" errors="0" timestamp="2024-04-30T12:39:45 IST">
  <testcase classname="learnTestNG.WebTesting" name="secondWebTest" time="0.009"/>
  <testcase classname="learnTestNG.WebTesting" name="thirdWebTest" time="0.0">
    <ignored/>
  </testcase> <!-- thirdWebTest -->
  <testcase classname="learnTestNG.WebTesting" name="firstWebTest" time="0.0">
    <ignored/>
  </testcase> <!-- firstWebTest -->
</testsuite> <!-- WebTests -->
