<?xml version="1.0" encoding="UTF-8"?>
<testng-results ignored="0" total="5" passed="5" failed="0" skipped="0">
  <reporter-output>
  </reporter-output>
  <suite started-at="2024-04-30T13:00:05 IST" name="Suite" finished-at="2024-04-30T13:00:05 IST" duration-ms="171">
    <groups>
      <group name="Regression">
        <method signature="WebTesting.secondWebTest()[pri:0, instance:learnTestNG.WebTesting@6adbc9d]" name="secondWebTest" class="learnTestNG.WebTesting"/>
        <method signature="MobileTesting.firstMobileTest()[pri:0, instance:learnTestNG.MobileTesting@443118b0]" name="firstMobileTest" class="learnTestNG.MobileTesting"/>
      </group> <!-- Regression -->
      <group name="Smoke">
        <method signature="MobileTesting.secondMobileTest()[pri:0, instance:learnTestNG.MobileTesting@443118b0]" name="secondMobileTest" class="learnTestNG.MobileTesting"/>
      </group> <!-- Smoke -->
    </groups>
    <test started-at="2024-04-30T13:00:05 IST" name="WebTests" finished-at="2024-04-30T13:00:05 IST" duration-ms="71">
      <class name="learnTestNG.WebTesting">
        <test-method is-config="true" signature="beforeWebTest()[pri:0, instance:learnTestNG.WebTesting@6adbc9d]" started-at="2024-04-30T13:00:05 IST" name="beforeWebTest" finished-at="2024-04-30T13:00:05 IST" duration-ms="1" status="PASS">
          <reporter-output>
          </reporter-output>
        </test-method> <!-- beforeWebTest -->
        <test-method signature="firstWebTest(java.lang.String,java.lang.String)[pri:0, instance:learnTestNG.WebTesting@6adbc9d]" started-at="2024-04-30T13:00:05 IST" name="firstWebTest" finished-at="2024-04-30T13:00:05 IST" duration-ms="8" status="PASS">
          <params>
            <param index="0">
              <value is-null="true"/>
            </param>
            <param index="1">
              <value is-null="true"/>
            </param>
          </params>
          <reporter-output>
          </reporter-output>
        </test-method> <!-- firstWebTest -->
        <test-method signature="secondWebTest()[pri:0, instance:learnTestNG.WebTesting@6adbc9d]" started-at="2024-04-30T13:00:05 IST" name="secondWebTest" finished-at="2024-04-30T13:00:05 IST" duration-ms="1" status="PASS">
          <reporter-output>
          </reporter-output>
        </test-method> <!-- secondWebTest -->
        <test-method signature="thirdWebTest()[pri:1, instance:learnTestNG.WebTesting@6adbc9d]" started-at="2024-04-30T13:00:05 IST" name="thirdWebTest" finished-at="2024-04-30T13:00:05 IST" duration-ms="1" status="PASS">
          <reporter-output>
          </reporter-output>
        </test-method> <!-- thirdWebTest -->
        <test-method is-config="true" signature="afterWebTest()[pri:0, instance:learnTestNG.WebTesting@6adbc9d]" started-at="2024-04-30T13:00:05 IST" name="afterWebTest" finished-at="2024-04-30T13:00:05 IST" duration-ms="0" status="PASS">
          <reporter-output>
          </reporter-output>
        </test-method> <!-- afterWebTest -->
      </class> <!-- learnTestNG.WebTesting -->
    </test> <!-- WebTests -->
    <test started-at="2024-04-30T13:00:05 IST" name="MobileTests" finished-at="2024-04-30T13:00:05 IST" duration-ms="9">
      <class name="learnTestNG.MobileTesting">
        <test-method is-config="true" signature="beforeSuite()[pri:0, instance:learnTestNG.MobileTesting@443118b0]" started-at="2024-04-30T13:00:05 IST" name="beforeSuite" finished-at="2024-04-30T13:00:05 IST" duration-ms="17" status="PASS">
          <reporter-output>
          </reporter-output>
        </test-method> <!-- beforeSuite -->
        <test-method is-config="true" signature="beforeClassWebTest()[pri:0, instance:learnTestNG.MobileTesting@443118b0]" started-at="2024-04-30T13:00:05 IST" name="beforeClassWebTest" finished-at="2024-04-30T13:00:05 IST" duration-ms="0" status="PASS">
          <reporter-output>
          </reporter-output>
        </test-method> <!-- beforeClassWebTest -->
        <test-method signature="firstMobileTest()[pri:0, instance:learnTestNG.MobileTesting@443118b0]" started-at="2024-04-30T13:00:05 IST" name="firstMobileTest" finished-at="2024-04-30T13:00:05 IST" duration-ms="0" status="PASS">
          <reporter-output>
          </reporter-output>
        </test-method> <!-- firstMobileTest -->
        <test-method signature="secondMobileTest()[pri:0, instance:learnTestNG.MobileTesting@443118b0]" started-at="2024-04-30T13:00:05 IST" name="secondMobileTest" finished-at="2024-04-30T13:00:05 IST" duration-ms="2" status="PASS">
          <reporter-output>
          </reporter-output>
        </test-method> <!-- secondMobileTest -->
        <test-method is-config="true" signature="afterClassWebTest()[pri:0, instance:learnTestNG.MobileTesting@443118b0]" started-at="2024-04-30T13:00:05 IST" name="afterClassWebTest" finished-at="2024-04-30T13:00:05 IST" duration-ms="1" status="PASS">
          <reporter-output>
          </reporter-output>
        </test-method> <!-- afterClassWebTest -->
        <test-method is-config="true" signature="afterSuite()[pri:0, instance:learnTestNG.MobileTesting@443118b0]" started-at="2024-04-30T13:00:05 IST" name="afterSuite" finished-at="2024-04-30T13:00:05 IST" duration-ms="0" status="PASS">
          <reporter-output>
          </reporter-output>
        </test-method> <!-- afterSuite -->
      </class> <!-- learnTestNG.MobileTesting -->
    </test> <!-- MobileTests -->
  </suite> <!-- Suite -->
</testng-results>
