<?xml version="1.0" encoding="UTF-8"?>
<testng-results ignored="0" total="2" passed="2" failed="0" skipped="0">
  <reporter-output>
  </reporter-output>
  <suite started-at="2024-05-01T12:35:58 IST" name="Default suite" finished-at="2024-05-01T12:35:58 IST" duration-ms="98">
    <groups>
    </groups>
    <test started-at="2024-05-01T12:35:58 IST" name="Default test" finished-at="2024-05-01T12:35:58 IST" duration-ms="98">
      <class name="learndataProviders.LearnDataProviders">
        <test-method signature="mytest(java.lang.Integer,java.lang.Integer)[pri:0, instance:learndataProviders.LearnDataProviders@52bf72b5]" started-at="2024-05-01T12:35:58 IST" name="mytest" data-provider="getData2" finished-at="2024-05-01T12:35:58 IST" duration-ms="22" status="PASS">
          <params>
            <param index="0">
              <value>
                <![CDATA[132]]>
              </value>
            </param>
            <param index="1">
              <value>
                <![CDATA[11]]>
              </value>
            </param>
          </params>
          <reporter-output>
          </reporter-output>
        </test-method> <!-- mytest -->
        <test-method signature="mytest(java.lang.Integer,java.lang.Integer)[pri:0, instance:learndataProviders.LearnDataProviders@52bf72b5]" started-at="2024-05-01T12:35:58 IST" name="mytest" data-provider="getData2" finished-at="2024-05-01T12:35:58 IST" duration-ms="1" status="PASS">
          <params>
            <param index="0">
              <value>
                <![CDATA[78]]>
              </value>
            </param>
            <param index="1">
              <value>
                <![CDATA[89]]>
              </value>
            </param>
          </params>
          <reporter-output>
          </reporter-output>
        </test-method> <!-- mytest -->
      </class> <!-- learndataProviders.LearnDataProviders -->
    </test> <!-- Default test -->
  </suite> <!-- Default suite -->
</testng-results>
